<?xml version="1.0" encoding="UTF-8"?>
<coverage generated="1675274040788" clover="3.2.0">
  <project timestamp="1675274040788" name="All files">
    <metrics statements="28" coveredstatements="18" conditionals="2" coveredconditionals="0" methods="13" coveredmethods="5" elements="43" coveredelements="23" complexity="0" loc="28" ncloc="28" packages="1" files="3" classes="3"/>
    <file name="task.js" path="C:\Users\JosueRush\Desktop\to-do-list\src\modules\task.js">
      <metrics statements="3" coveredstatements="3" conditionals="0" coveredconditionals="0" methods="1" coveredmethods="1"/>
      <line num="3" count="2" type="stmt"/>
      <line num="4" count="2" type="stmt"/>
      <line num="5" count="2" type="stmt"/>
    </file>
    <file name="taskElements.js" path="C:\Users\JosueRush\Desktop\to-do-list\src\modules\taskElements.js">
      <metrics statements="4" coveredstatements="4" conditionals="0" coveredconditionals="0" methods="0" coveredmethods="0"/>
      <line num="1" count="1" type="stmt"/>
      <line num="2" count="1" type="stmt"/>
      <line num="3" count="1" type="stmt"/>
      <line num="4" count="1" type="stmt"/>
    </file>
    <file name="tasks.js" path="C:\Users\JosueRush\Desktop\to-do-list\src\modules\tasks.js">
      <metrics statements="21" coveredstatements="11" conditionals="2" coveredconditionals="0" methods="12" coveredmethods="4"/>
      <line num="5" count="1" type="stmt"/>
      <line num="8" count="1" type="stmt"/>
      <line num="9" count="0" type="stmt"/>
      <line num="12" count="1" type="stmt"/>
      <line num="13" count="2" type="stmt"/>
      <line num="16" count="1" type="stmt"/>
      <line num="17" count="0" type="stmt"/>
      <line num="20" count="1" type="stmt"/>
      <line num="21" count="0" type="stmt"/>
      <line num="22" count="0" type="stmt"/>
      <line num="23" count="0" type="stmt"/>
      <line num="24" count="0" type="stmt"/>
      <line num="29" count="0" type="stmt"/>
      <line num="33" count="1" type="stmt"/>
      <line num="34" count="0" type="stmt"/>
      <line num="37" count="1" type="stmt"/>
      <line num="38" count="0" type="stmt"/>
      <line num="39" count="0" type="stmt"/>
      <line num="43" count="1" type="stmt"/>
      <line num="44" count="2" type="stmt"/>
      <line num="48" count="1" type="stmt"/>
    </file>
  </project>
</coverage>
