TN:
SF:src\modules\task.js
FN:2,(anonymous_0)
FNF:1
FNH:1
FNDA:2,(anonymous_0)
DA:3,2
DA:4,2
DA:5,2
LF:3
LH:3
BRF:0
BRH:0
end_of_record
TN:
SF:src\modules\taskElements.js
FNF:0
FNH:0
DA:1,1
DA:2,1
DA:3,1
DA:4,1
LF:4
LH:4
BRF:0
BRH:0
end_of_record
TN:
SF:src\modules\tasks.js
FN:4,(anonymous_0)
FN:8,(anonymous_1)
FN:12,(anonymous_2)
FN:16,(anonymous_3)
FN:20,(anonymous_4)
FN:21,(anonymous_5)
FN:33,(anonymous_6)
FN:34,(anonymous_7)
FN:37,(anonymous_8)
FN:38,(anonymous_9)
FN:43,(anonymous_10)
FN:44,(anonymous_11)
FNF:12
FNH:4
FNDA:1,(anonymous_0)
FNDA:0,(anonymous_1)
FNDA:2,(anonymous_2)
FNDA:0,(anonymous_3)
FNDA:0,(anonymous_4)
FNDA:0,(anonymous_5)
FNDA:0,(anonymous_6)
FNDA:0,(anonymous_7)
FNDA:0,(anonymous_8)
FNDA:0,(anonymous_9)
FNDA:1,(anonymous_10)
FNDA:2,(anonymous_11)
DA:5,1
DA:8,1
DA:9,0
DA:12,1
DA:13,2
DA:16,1
DA:17,0
DA:20,1
DA:21,0
DA:22,0
DA:23,0
DA:24,0
DA:29,0
DA:33,1
DA:34,0
DA:37,1
DA:38,0
DA:39,0
DA:43,1
DA:44,2
DA:48,1
LF:21
LH:11
BRDA:25,0,0,0
BRDA:25,0,1,0
BRF:2
BRH:0
end_of_record
